info it worked if it ends with ok
verbose cli [ '/usr/bin/nodejs', '/usr/bin/npm', 'install', 'request' ]
info using npm@1.1.4
info using node@v0.6.19
verbose config file /home/pi/.npmrc
verbose config file /usr/etc/npmrc
verbose config file /usr/share/npm/npmrc
verbose caching /home/pi/FreshBytes/package.json
verbose loadDefaults freshbytes-server@0.0.1
verbose caching /home/pi/FreshBytes/node_modules/body-parser/package.json
verbose loadDefaults body-parser@1.0.2
verbose caching /home/pi/FreshBytes/node_modules/node-schedule/package.json
verbose loadDefaults node-schedule@0.2.8
verbose caching /home/pi/FreshBytes/node_modules/cors/package.json
verbose loadDefaults cors@2.7.1
verbose caching /home/pi/FreshBytes/node_modules/mongoose/package.json
verbose loadDefaults mongoose@3.6.20
verbose caching /home/pi/FreshBytes/node_modules/express/package.json
verbose loadDefaults express@4.0.0
verbose caching /home/pi/FreshBytes/node_modules/mysql/package.json
verbose loadDefaults mysql@2.6.2
verbose from cache /home/pi/FreshBytes/package.json
verbose readDependencies: using package.json deps
verbose cache add [ 'request', null ]
silly cache add: name, spec, args [ undefined, 'request', [ 'request', null ] ]
verbose parsed url { pathname: 'request', path: 'request', href: 'request' }
verbose addNamed [ 'request', '' ]
verbose addNamed [ null, '' ]
silly name, range, hasData [ 'request', '', false ]
verbose raw, before any munging request
verbose url resolving [ 'https://registry.npmjs.org/', './request' ]
verbose url resolved https://registry.npmjs.org/request
http GET https://registry.npmjs.org/request
ERR! Error: failed to fetch from registry: request
ERR!     at /usr/share/npm/lib/utils/npm-registry-client/get.js:139:12
ERR!     at cb (/usr/share/npm/lib/utils/npm-registry-client/request.js:31:9)
ERR!     at Request._callback (/usr/share/npm/lib/utils/npm-registry-client/request.js:136:18)
ERR!     at Request.callback (/usr/lib/nodejs/request/main.js:119:22)
ERR!     at Request.<anonymous> (/usr/lib/nodejs/request/main.js:212:58)
ERR!     at Request.emit (events.js:88:20)
ERR!     at ClientRequest.<anonymous> (/usr/lib/nodejs/request/main.js:412:12)
ERR!     at ClientRequest.g (events.js:156:14)
ERR!     at ClientRequest.emit (events.js:67:17)
ERR!     at HTTPParser.parserOnIncomingClient [as onIncoming] (http.js:1256:7)
ERR! You may report this log at:
ERR!     <http://bugs.debian.org/npm>
ERR! or use
ERR!     reportbug --attach /home/pi/FreshBytes/Components/npm-debug.log npm
ERR! 
ERR! System Linux 4.1.7+
ERR! command "/usr/bin/nodejs" "/usr/bin/npm" "install" "request"
ERR! cwd /home/pi/FreshBytes/Components
ERR! node -v v0.6.19
ERR! npm -v 1.1.4
ERR! message failed to fetch from registry: request
verbose exit [ 1, true ]
